2020-11-01 00:13:52 [scrapy] DEBUG: Crawled (404) <GET http://books.toscrape.com/robots.txt> (referer: None)
2020-11-01 00:13:53 [scrapy] DEBUG: Crawled (200) <GET http://books.toscrape.com/catalogue/page-1.html> (referer: None)
2020-11-01 00:13:53 [scrapy] DEBUG: Scraped from <200 http://books.toscrape.com/catalogue/page-1.html>
{'Title': 'A Light in the Attic', 'Price': '£51.77', 'Stock': 'In stock', 'Star': 3}
2020-11-01 00:13:53 [scrapy] DEBUG: Scraped from <200 http://books.toscrape.com/catalogue/page-1.html>
{'Title': 'Tipping the Velvet', 'Price': '£53.74', 'Stock': 'In stock', 'Star': 1}
2020-11-01 00:13:53 [scrapy] DEBUG: Scraped from <200 http://books.toscrape.com/catalogue/page-1.html>
{'Title': 'Soumission', 'Price': '£50.10', 'Stock': 'In stock', 'Star': 1}
2020-11-01 00:13:53 [scrapy] DEBUG: Scraped from <200 http://books.toscrape.com/catalogue/page-1.html>
{'Title': 'Sharp Objects', 'Price': '£47.82', 'Stock': 'In stock', 'Star': 4}
2020-11-01 00:13:53 [scrapy] DEBUG: Scraped from <200 http://books.toscrape.com/catalogue/page-1.html>
{'Title': 'Sapiens: A Brief History of Humankind', 'Price': '£54.23', 'Stock': 'In stock', 'Star': 5}
2020-11-01 00:13:53 [scrapy] DEBUG: Scraped from <200 http://books.toscrape.com/catalogue/page-1.html>
{'Title': 'The Requiem Red', 'Price': '£22.65', 'Stock': 'In stock', 'Star': 1}
2020-11-01 00:13:53 [scrapy] DEBUG: Scraped from <200 http://books.toscrape.com/catalogue/page-1.html>
{'Title': 'The Dirty Little Secrets of Getting Your Dream Job', 'Price': '£33.34', 'Stock': 'In stock', 'Star': 4}
2020-11-01 00:13:53 [scrapy] DEBUG: Scraped from <200 http://books.toscrape.com/catalogue/page-1.html>
{'Title': 'The Coming Woman: A Novel Based on the Life of the Infamous Feminist, Victoria Woodhull', 'Price': '£17.93', 'Stock': 'In stock', 'Star': 3}
2020-11-01 00:13:53 [scrapy] DEBUG: Scraped from <200 http://books.toscrape.com/catalogue/page-1.html>
{'Title': 'The Boys in the Boat: Nine Americans and Their Epic Quest for Gold at the 1936 Berlin Olympics', 'Price': '£22.60', 'Stock': 'In stock', 'Star': 4}
2020-11-01 00:13:53 [scrapy] DEBUG: Scraped from <200 http://books.toscrape.com/catalogue/page-1.html>
{'Title': 'The Black Maria', 'Price': '£52.15', 'Stock': 'In stock', 'Star': 1}
2020-11-01 00:13:53 [scrapy] DEBUG: Scraped from <200 http://books.toscrape.com/catalogue/page-1.html>
{'Title': 'Starving Hearts (Triangular Trade Trilogy, #1)', 'Price': '£13.99', 'Stock': 'In stock', 'Star': 2}
2020-11-01 00:13:53 [scrapy] DEBUG: Scraped from <200 http://books.toscrape.com/catalogue/page-1.html>
{'Title': "Shakespeare's Sonnets", 'Price': '£20.66', 'Stock': 'In stock', 'Star': 4}
2020-11-01 00:13:53 [scrapy] DEBUG: Scraped from <200 http://books.toscrape.com/catalogue/page-1.html>
{'Title': 'Set Me Free', 'Price': '£17.46', 'Stock': 'In stock', 'Star': 5}
2020-11-01 00:13:53 [scrapy] DEBUG: Scraped from <200 http://books.toscrape.com/catalogue/page-1.html>
{'Title': "Scott Pilgrim's Precious Little Life (Scott Pilgrim #1)", 'Price': '£52.29', 'Stock': 'In stock', 'Star': 5}
2020-11-01 00:13:53 [scrapy] DEBUG: Scraped from <200 http://books.toscrape.com/catalogue/page-1.html>
{'Title': 'Rip it Up and Start Again', 'Price': '£35.02', 'Stock': 'In stock', 'Star': 5}
2020-11-01 00:13:53 [scrapy] DEBUG: Scraped from <200 http://books.toscrape.com/catalogue/page-1.html>
{'Title': 'Our Band Could Be Your Life: Scenes from the American Indie Underground, 1981-1991', 'Price': '£57.25', 'Stock': 'In stock', 'Star': 3}
2020-11-01 00:13:53 [scrapy] DEBUG: Scraped from <200 http://books.toscrape.com/catalogue/page-1.html>
{'Title': 'Olio', 'Price': '£23.88', 'Stock': 'In stock', 'Star': 1}
2020-11-01 00:13:53 [scrapy] DEBUG: Scraped from <200 http://books.toscrape.com/catalogue/page-1.html>
{'Title': 'Mesaerion: The Best Science Fiction Stories 1800-1849', 'Price': '£37.59', 'Stock': 'In stock', 'Star': 1}
2020-11-01 00:13:53 [scrapy] DEBUG: Scraped from <200 http://books.toscrape.com/catalogue/page-1.html>
{'Title': 'Libertarianism for Beginners', 'Price': '£51.33', 'Stock': 'In stock', 'Star': 2}
2020-11-01 00:13:53 [scrapy] DEBUG: Scraped from <200 http://books.toscrape.com/catalogue/page-1.html>
{'Title': "It's Only the Himalayas", 'Price': '£45.17', 'Stock': 'In stock', 'Star': 2}
2020-11-01 00:13:53 [scrapy] INFO: Closing spider (finished)
2020-11-01 00:13:53 [scrapy] INFO: Dumping Scrapy stats:
{'downloader/request_bytes': 467,
 'downloader/request_count': 2,
 'downloader/request_method_count/GET': 2,
 'downloader/response_bytes': 6050,
 'downloader/response_count': 2,
 'downloader/response_status_count/200': 1,
 'downloader/response_status_count/404': 1,
 'elapsed_time_seconds': 1.707499,
 'finish_reason': 'finished',
 'finish_time': datetime.datetime(2020, 10, 31, 18, 43, 53, 508250),
 'item_scraped_count': 20,
 'log_count/DEBUG': 22,
 'log_count/INFO': 7,
 'response_received_count': 2,
 'robotstxt/request_count': 1,
 'robotstxt/response_count': 1,
 'robotstxt/response_status_count/404': 1,
 'scheduler/dequeued': 1,
 'scheduler/dequeued/memory': 1,
 'scheduler/enqueued': 1,
 'scheduler/enqueued/memory': 1,
 'start_time': datetime.datetime(2020, 10, 31, 18, 43, 51, 800751)}
2020-11-01 00:13:53 [scrapy] INFO: Spider closed (finished)
